[35m[1mConsolidate compiler generated dependencies of target data_publisher[0m
[ 50%] [32mBuilding CXX object CMakeFiles/data_publisher.dir/src/pub_node.cpp.o[0m
[01m[K/home/airlab/OSEP/src/data_publisher/src/pub_node.cpp:[m[K In constructor â€˜[01m[KPCDPublisher::PCDPublisher()[m[Kâ€™:
[01m[K/home/airlab/OSEP/src/data_publisher/src/pub_node.cpp:11:28:[m[K [01;31m[Kerror: [m[Kâ€˜[01m[Kament_index_cpp[m[Kâ€™ has not been declared
   11 |     std::string pkg_path = [01;31m[Kament_index_cpp[m[K::get_package_share_directory("data_publisher");
      |                            [01;31m[K^~~~~~~~~~~~~~~[m[K
gmake[2]: *** [CMakeFiles/data_publisher.dir/build.make:76: CMakeFiles/data_publisher.dir/src/pub_node.cpp.o] Error 1
gmake[1]: *** [CMakeFiles/Makefile2:137: CMakeFiles/data_publisher.dir/all] Error 2
gmake: *** [Makefile:146: all] Error 2
