[35m[1mConsolidate compiler generated dependencies of target data_publisher[0m
[ 50%] [32mBuilding CXX object CMakeFiles/data_publisher.dir/src/pub_node.cpp.o[0m
[01m[K/home/airlab/OSEP/src/data_publisher/src/pub_node.cpp:[m[K In member function â€˜[01m[Kvoid PCDPublisher::publishPointCloud()[m[Kâ€™:
[01m[K/home/airlab/OSEP/src/data_publisher/src/pub_node.cpp:40:3:[m[K [01;31m[Kerror: [m[Kexpected â€˜[01m[K;[m[Kâ€™ before â€˜[01m[K}[m[Kâ€™ token
   40 |   [01;31m[K}[m[K
      |   [01;31m[K^[m[K
gmake[2]: *** [CMakeFiles/data_publisher.dir/build.make:76: CMakeFiles/data_publisher.dir/src/pub_node.cpp.o] Error 1
gmake[1]: *** [CMakeFiles/Makefile2:137: CMakeFiles/data_publisher.dir/all] Error 2
gmake: *** [Makefile:146: all] Error 2
