[0.011s] Invoking command in '/home/airlab/OSEP/build/data_publisher': CMAKE_PREFIX_PATH=${CMAKE_PREFIX_PATH}:/opt/ros/humble /usr/bin/cmake --build /home/airlab/OSEP/build/data_publisher -- -j8 -l8
[0.046s] [35m[1mConsolidate compiler generated dependencies of target data_publisher[0m
[0.064s] [ 50%] [32mBuilding CXX object CMakeFiles/data_publisher.dir/src/pub_node.cpp.o[0m
[3.972s] [01m[K/home/airlab/OSEP/src/data_publisher/src/pub_node.cpp:[m[K In member function â€˜[01m[Kvoid PCDPublisher::publishPointCloud()[m[Kâ€™:
[3.972s] [01m[K/home/airlab/OSEP/src/data_publisher/src/pub_node.cpp:40:3:[m[K [01;31m[Kerror: [m[Kexpected â€˜[01m[K;[m[Kâ€™ before â€˜[01m[K}[m[Kâ€™ token
[3.972s]    40 |   [01;31m[K}[m[K
[3.972s]       |   [01;31m[K^[m[K
[4.838s] gmake[2]: *** [CMakeFiles/data_publisher.dir/build.make:76: CMakeFiles/data_publisher.dir/src/pub_node.cpp.o] Error 1
[4.838s] gmake[1]: *** [CMakeFiles/Makefile2:137: CMakeFiles/data_publisher.dir/all] Error 2
[4.838s] gmake: *** [Makefile:146: all] Error 2
[4.840s] Invoked command in '/home/airlab/OSEP/build/data_publisher' returned '2': CMAKE_PREFIX_PATH=${CMAKE_PREFIX_PATH}:/opt/ros/humble /usr/bin/cmake --build /home/airlab/OSEP/build/data_publisher -- -j8 -l8
